<?xml version="1.0" encoding="UTF-8"?>
<!-- Generated by org.testng.reporters.JUnitReportReporter -->
<testsuite hostname="RaghuLaptop" name="clas.AppiumNativeApp" tests="1" failures="0" timestamp="15 Dec 2020 06:14:24 GMT" time="24.678" errors="0">
  <testcase name="launchAndSearchWikipediaApp" time="24.678" classname="clas.AppiumNativeApp"/>
</testsuite> <!-- clas.AppiumNativeApp -->
