<?xml version="1.0" encoding="UTF-8"?>
<!-- Generated by org.testng.reporters.JUnitReportReporter -->
<testsuite hostname="RaghuLaptop" name="com.coe.Tests.BrowserStackAndroid" tests="1" failures="0" timestamp="16 Dec 2020 12:18:22 GMT" time="9.973" errors="0">
  <testcase name="launchWikipediaApp" time="9.973" classname="com.coe.Tests.BrowserStackAndroid"/>
</testsuite> <!-- com.coe.Tests.BrowserStackAndroid -->
