<?xml version="1.0" encoding="UTF-8"?>
<!-- Generated by org.testng.reporters.JUnitReportReporter -->
<testsuite hostname="RaghuLaptop" name="com.nativeapp.demo.AppiumNativeAppDemo" tests="1" failures="0" timestamp="15 Dec 2020 12:05:14 GMT" time="24.657" errors="0">
  <testcase name="launchAndSearchWikipediaApp" time="24.657" classname="com.nativeapp.demo.AppiumNativeAppDemo"/>
</testsuite> <!-- com.nativeapp.demo.AppiumNativeAppDemo -->
