<?xml version="1.0" encoding="UTF-8"?>
<!-- Generated by org.testng.reporters.JUnitReportReporter -->
<testsuite hostname="Raghu" name="com.coe.Tests.AppiumTest" tests="4" failures="0" timestamp="4 Dec 2020 10:08:43 GMT" time="26.402" errors="0">
  <testcase name="launchTest" time="10.007" classname="com.coe.Tests.AppiumTest"/>
  <testcase name="verifyLinkTest" time="3.472" classname="com.coe.Tests.AppiumTest"/>
  <testcase name="launchTest" time="10.007" classname="com.coe.Tests.AppiumTest"/>
  <testcase name="verifyLinkTest" time="2.916" classname="com.coe.Tests.AppiumTest"/>
</testsuite> <!-- com.coe.Tests.AppiumTest -->
