<?xml version="1.0" encoding="UTF-8"?>
<!-- Generated by org.testng.reporters.JUnitReportReporter -->
<testsuite hostname="RaghuLaptop" name="clas.AppiumNativeAppDemo" tests="1" failures="0" timestamp="15 Dec 2020 12:01:31 GMT" time="28.296" errors="0">
  <testcase name="launchAndSearchWikipediaApp" time="28.296" classname="clas.AppiumNativeAppDemo"/>
</testsuite> <!-- clas.AppiumNativeAppDemo -->
