<?xml version="1.0" encoding="UTF-8"?>
<!-- Generated by org.testng.reporters.JUnitReportReporter -->
<testsuite hostname="Raghu" name="com.coe.Tests.Demo" tests="1" failures="0" timestamp="3 Dec 2020 07:37:07 GMT" time="40.511" errors="0">
  <testcase name="verifyLinkTest" time="40.511" classname="com.coe.Tests.Demo"/>
</testsuite> <!-- com.coe.Tests.Demo -->
