<?xml version="1.0" encoding="UTF-8"?>
<!-- Generated by org.testng.reporters.JUnitReportReporter -->
<testsuite hostname="RaghuLaptop" name="com.browserstack.run_parallel_test.ParallelTestIOS" tests="2" failures="0" timestamp="16 Dec 2020 12:03:22 GMT" time="77.226" errors="0">
  <testcase name="launchAndSearchWikipediaApp_BrowserStackIOS" time="36.246" classname="com.browserstack.run_parallel_test.ParallelTestIOS"/>
  <testcase name="launchAndSearchWikipediaApp_BrowserStackIOS" time="40.980" classname="com.browserstack.run_parallel_test.ParallelTestIOS"/>
</testsuite> <!-- com.browserstack.run_parallel_test.ParallelTestIOS -->
